Godot Engine v4.5.1.stable.official.f62fdbde1 - https://godotengine.org

SCRIPT ERROR: Parse Error: Cannot return value of type "null" because the function return type is "Dictionary".
   at: GDScript::reload (res://tools/integration_test_suite.gd:21)
SCRIPT ERROR: Parse Error: Function "get_tree()" not found in base self.
   at: GDScript::reload (res://tools/integration_test_suite.gd:516)
SCRIPT ERROR: Compile Error: Failed to compile depended scripts.
   at: GDScript::reload (res://tools/headless_test_runner.gd:0)
ERROR: Failed to load script "res://tools/headless_test_runner.gd" with error "Compilation failed".
   at: load (modules/gdscript/gdscript.cpp:3041)
[DEBUG] Preloading IntegrationTestSuiteScript: <GDScript#-9223372012058049174>
SCRIPT ERROR: Invalid call. Nonexistent function 'new' in base 'GDScript'.
   at: _initialize (res://tools/headless_test_runner.gd:12)
   GDScript backtrace (most recent call first):
       [0] _initialize (res://tools/headless_test_runner.gd:12)
[DEBUG] EventBus initialized.
[DEBUG] GameState initialized.
[DEBUG] SaveManager initialized.
ERROR: BUG: Unreferenced static string to 0: servers
   at: unref (core/string/string_name.cpp:116)
ERROR: BUG: Unreferenced static string to 0: Variant
   at: unref (core/string/string_name.cpp:116)
